Using pre-set license
Built from '2020.3/staging' branch; Version is '2020.3.5f1 (8095aa901b9b) revision 8426922'; Using compiler version '192528614'; Build Type 'Release'
OS: 'Windows 10 Home; OS build 19041.928; Version 2004; 64bit' Language: 'en' Physical Memory: 16333 MB
BatchMode: 1, IsHumanControllingUs: 0, StartBugReporterOnCrash: 0, Is64bit: 1, IsPro: 0

 COMMAND LINE ARGUMENTS:
C:\Program Files\Unity\Hub\Editor\2020.3.5f1\Editor\Unity.exe
-adb2
-batchMode
-noUpm
-name
AssetImportWorker2
-projectPath
C:/Users/tgame/Game Work/Ludum Dare/LD48/Downward
-logFile
Logs/AssetImportWorker2.log
-srvPort
65015
Successfully changed project path to: C:/Users/tgame/Game Work/Ludum Dare/LD48/Downward
C:/Users/tgame/Game Work/Ludum Dare/LD48/Downward
Using Asset Import Pipeline V2.
Refreshing native plugins compatible for Editor in 39.35 ms, found 2 plugins.
Preloading 0 native plugins for Editor in 0.00 ms.
Initialize engine version: 2020.3.5f1 (8095aa901b9b)
[Subsystems] Discovering subsystems at path C:/Program Files/Unity/Hub/Editor/2020.3.5f1/Editor/Data/Resources/UnitySubsystems
[Subsystems] Discovering subsystems at path C:/Users/tgame/Game Work/Ludum Dare/LD48/Downward/Assets
GfxDevice: creating device client; threaded=0
Direct3D:
    Version:  Direct3D 11.0 [level 11.1]
    Renderer: NVIDIA GeForce GTX 1660 (ID=0x2184)
    Vendor:   
    VRAM:     5991 MB
    Driver:   27.21.14.5751
Initialize mono
Mono path[0] = 'C:/Program Files/Unity/Hub/Editor/2020.3.5f1/Editor/Data/Managed'
Mono path[1] = 'C:/Program Files/Unity/Hub/Editor/2020.3.5f1/Editor/Data/MonoBleedingEdge/lib/mono/unityjit'
Mono config path = 'C:/Program Files/Unity/Hub/Editor/2020.3.5f1/Editor/Data/MonoBleedingEdge/etc'
Using monoOptions --debugger-agent=transport=dt_socket,embedding=1,server=y,suspend=n,address=127.0.0.1:56272
Begin MonoManager ReloadAssembly
Registering precompiled unity dll's ...
Register platform support module: C:/Program Files/Unity/Hub/Editor/2020.3.5f1/Editor/Data/PlaybackEngines/WebGLSupport/UnityEditor.WebGL.Extensions.dll
Register platform support module: C:/Program Files/Unity/Hub/Editor/2020.3.5f1/Editor/Data/PlaybackEngines/WindowsStandaloneSupport/UnityEditor.WindowsStandalone.Extensions.dll
Registered in 0.001963 seconds.
Native extension for WindowsStandalone target not found
Native extension for WebGL target not found
Refreshing native plugins compatible for Editor in 38.91 ms, found 2 plugins.
Preloading 0 native plugins for Editor in 0.00 ms.
Mono: successfully reloaded assembly
- Completed reload, in  1.127 seconds
Platform modules already initialized, skipping
Registering precompiled user dll's ...
Registered in 0.003632 seconds.
Begin MonoManager ReloadAssembly
Native extension for WindowsStandalone target not found
Native extension for WebGL target not found
Refreshing native plugins compatible for Editor in 37.16 ms, found 2 plugins.
Preloading 0 native plugins for Editor in 0.00 ms.
Mono: successfully reloaded assembly
- Completed reload, in  0.847 seconds
Platform modules already initialized, skipping
========================================================================
Worker process is ready to serve import requests
Launched and connected shader compiler UnityShaderCompiler.exe after 0.07 seconds
Refreshing native plugins compatible for Editor in 0.49 ms, found 2 plugins.
Preloading 0 native plugins for Editor in 0.00 ms.
Unloading 1944 Unused Serialized files (Serialized files now loaded: 0)
System memory in use before: 92.3 MB.
System memory in use after: 92.3 MB.

Unloading 34 unused Assets to reduce memory usage. Loaded Objects now: 2439.
Total: 2.301600 ms (FindLiveObjects: 0.321500 ms CreateObjectMapping: 0.051500 ms MarkObjects: 1.797400 ms  DeleteObjects: 0.130500 ms)

========================================================================
Received Import Request.
  path: Assets/Prefabs/Player.prefab
  artifactKey: Guid(73f4cb9b00756fa4687c8a3114bdefa6) Importer(815301076,1909f56bfc062723c751e8b465ee728b)
Start importing Assets/Prefabs/Player.prefab using Guid(73f4cb9b00756fa4687c8a3114bdefa6) Importer(815301076,1909f56bfc062723c751e8b465ee728b)  -> (artifact id: '4625c2a655829ead7b5bf8b413367b8c') in 0.141185 seconds
  Import took 0.144771 seconds .

========================================================================
Received Prepare
Registering precompiled user dll's ...
Registered in 0.004223 seconds.
Begin MonoManager ReloadAssembly
Native extension for WindowsStandalone target not found
Native extension for WebGL target not found
Refreshing native plugins compatible for Editor in 0.60 ms, found 2 plugins.
Preloading 0 native plugins for Editor in 0.00 ms.
Mono: successfully reloaded assembly
- Completed reload, in  0.894 seconds
Platform modules already initialized, skipping
Refreshing native plugins compatible for Editor in 0.49 ms, found 2 plugins.
Preloading 0 native plugins for Editor in 0.00 ms.
Unloading 1925 Unused Serialized files (Serialized files now loaded: 0)
System memory in use before: 93.9 MB.
System memory in use after: 93.9 MB.

Unloading 22 unused Assets to reduce memory usage. Loaded Objects now: 2450.
Total: 2.426600 ms (FindLiveObjects: 0.336300 ms CreateObjectMapping: 0.090700 ms MarkObjects: 1.898200 ms  DeleteObjects: 0.100200 ms)

========================================================================
Received Prepare
Registering precompiled user dll's ...
Registered in 0.003613 seconds.
Begin MonoManager ReloadAssembly
Native extension for WindowsStandalone target not found
Native extension for WebGL target not found
Refreshing native plugins compatible for Editor in 0.53 ms, found 2 plugins.
Preloading 0 native plugins for Editor in 0.00 ms.
Mono: successfully reloaded assembly
- Completed reload, in  0.844 seconds
Platform modules already initialized, skipping
Refreshing native plugins compatible for Editor in 0.58 ms, found 2 plugins.
Preloading 0 native plugins for Editor in 0.00 ms.
Unloading 1925 Unused Serialized files (Serialized files now loaded: 0)
System memory in use before: 93.9 MB.
System memory in use after: 93.9 MB.

Unloading 22 unused Assets to reduce memory usage. Loaded Objects now: 2454.
Total: 2.553600 ms (FindLiveObjects: 0.451200 ms CreateObjectMapping: 0.110900 ms MarkObjects: 1.883900 ms  DeleteObjects: 0.106700 ms)

========================================================================
Received Prepare
Registering precompiled user dll's ...
Registered in 0.003357 seconds.
Begin MonoManager ReloadAssembly
Native extension for WindowsStandalone target not found
Native extension for WebGL target not found
Refreshing native plugins compatible for Editor in 0.53 ms, found 2 plugins.
Preloading 0 native plugins for Editor in 0.00 ms.
Mono: successfully reloaded assembly
- Completed reload, in  0.850 seconds
Platform modules already initialized, skipping
Refreshing native plugins compatible for Editor in 0.52 ms, found 2 plugins.
Preloading 0 native plugins for Editor in 0.00 ms.
Unloading 1925 Unused Serialized files (Serialized files now loaded: 0)
System memory in use before: 94.0 MB.
System memory in use after: 93.9 MB.

Unloading 22 unused Assets to reduce memory usage. Loaded Objects now: 2458.
Total: 2.183400 ms (FindLiveObjects: 0.210000 ms CreateObjectMapping: 0.046500 ms MarkObjects: 1.825500 ms  DeleteObjects: 0.100600 ms)

========================================================================
Received Prepare
Registering precompiled user dll's ...
Registered in 0.003425 seconds.
Begin MonoManager ReloadAssembly
Native extension for WindowsStandalone target not found
Native extension for WebGL target not found
Refreshing native plugins compatible for Editor in 0.47 ms, found 2 plugins.
Preloading 0 native plugins for Editor in 0.00 ms.
Mono: successfully reloaded assembly
- Completed reload, in  0.751 seconds
Platform modules already initialized, skipping
Refreshing native plugins compatible for Editor in 0.48 ms, found 2 plugins.
Preloading 0 native plugins for Editor in 0.00 ms.
Unloading 1925 Unused Serialized files (Serialized files now loaded: 0)
System memory in use before: 94.0 MB.
System memory in use after: 93.9 MB.

Unloading 22 unused Assets to reduce memory usage. Loaded Objects now: 2462.
Total: 1.913500 ms (FindLiveObjects: 0.196900 ms CreateObjectMapping: 0.050300 ms MarkObjects: 1.566300 ms  DeleteObjects: 0.099000 ms)

========================================================================
Received Prepare
Registering precompiled user dll's ...
Registered in 0.004669 seconds.
Begin MonoManager ReloadAssembly
Native extension for WindowsStandalone target not found
Native extension for WebGL target not found
Refreshing native plugins compatible for Editor in 0.52 ms, found 2 plugins.
Preloading 0 native plugins for Editor in 0.00 ms.
Mono: successfully reloaded assembly
- Completed reload, in  0.862 seconds
Platform modules already initialized, skipping
Refreshing native plugins compatible for Editor in 0.56 ms, found 2 plugins.
Preloading 0 native plugins for Editor in 0.00 ms.
Unloading 1926 Unused Serialized files (Serialized files now loaded: 0)
System memory in use before: 94.0 MB.
System memory in use after: 94.0 MB.

Unloading 22 unused Assets to reduce memory usage. Loaded Objects now: 2467.
Total: 1.983400 ms (FindLiveObjects: 0.231200 ms CreateObjectMapping: 0.046300 ms MarkObjects: 1.596000 ms  DeleteObjects: 0.109100 ms)

========================================================================
Received Prepare
Registering precompiled user dll's ...
Registered in 0.003365 seconds.
Begin MonoManager ReloadAssembly
Native extension for WindowsStandalone target not found
Native extension for WebGL target not found
Refreshing native plugins compatible for Editor in 0.52 ms, found 2 plugins.
Preloading 0 native plugins for Editor in 0.00 ms.
Mono: successfully reloaded assembly
- Completed reload, in  0.782 seconds
Platform modules already initialized, skipping
Refreshing native plugins compatible for Editor in 0.50 ms, found 2 plugins.
Preloading 0 native plugins for Editor in 0.00 ms.
Unloading 1926 Unused Serialized files (Serialized files now loaded: 0)
System memory in use before: 94.0 MB.
System memory in use after: 94.0 MB.

Unloading 22 unused Assets to reduce memory usage. Loaded Objects now: 2471.
Total: 2.058100 ms (FindLiveObjects: 0.246600 ms CreateObjectMapping: 0.052300 ms MarkObjects: 1.640200 ms  DeleteObjects: 0.118000 ms)

========================================================================
Received Import Request.
  Time since last request: 1310.365173 seconds.
  path: Assets/Art/Character/BombaTsar.png
  artifactKey: Guid(4cda10d67173c7f4aa669a7722874f52) Importer(815301076,1909f56bfc062723c751e8b465ee728b)
Start importing Assets/Art/Character/BombaTsar.png using Guid(4cda10d67173c7f4aa669a7722874f52) Importer(815301076,1909f56bfc062723c751e8b465ee728b)  -> (artifact id: '778c2512fc043812534e241381f5d66b') in 0.058881 seconds
  Import took 0.061862 seconds .

========================================================================
Received Import Request.
  Time since last request: 13.496063 seconds.
  path: Assets/Art/Character/BombaTsar.png
  artifactKey: Guid(4cda10d67173c7f4aa669a7722874f52) Importer(815301076,1909f56bfc062723c751e8b465ee728b)
Start importing Assets/Art/Character/BombaTsar.png using Guid(4cda10d67173c7f4aa669a7722874f52) Importer(815301076,1909f56bfc062723c751e8b465ee728b)  -> (artifact id: '2b1dafaa01f1fb85977f580d96749437') in 0.009961 seconds
  Import took 0.012876 seconds .

========================================================================
Received Import Request.
  Time since last request: 0.009352 seconds.
  path: Assets/Art/Character/BombaTsar.png
  artifactKey: Guid(4cda10d67173c7f4aa669a7722874f52) Importer(815301076,1909f56bfc062723c751e8b465ee728b)
Start importing Assets/Art/Character/BombaTsar.png using Guid(4cda10d67173c7f4aa669a7722874f52) Importer(815301076,1909f56bfc062723c751e8b465ee728b)  -> (artifact id: '2b1dafaa01f1fb85977f580d96749437') in 0.011213 seconds
  Import took 0.013951 seconds .

========================================================================
Received Import Request.
  Time since last request: 4.703072 seconds.
  path: Assets/Art/Character/BombaTsar.png
  artifactKey: Guid(4cda10d67173c7f4aa669a7722874f52) Importer(815301076,1909f56bfc062723c751e8b465ee728b)
Start importing Assets/Art/Character/BombaTsar.png using Guid(4cda10d67173c7f4aa669a7722874f52) Importer(815301076,1909f56bfc062723c751e8b465ee728b)  -> (artifact id: '31c711804e0eb285067d2aef5644613e') in 0.010410 seconds
  Import took 0.013773 seconds .

========================================================================
Received Import Request.
  Time since last request: 0.005836 seconds.
  path: Assets/Art/Character/BombaTsar.png
  artifactKey: Guid(4cda10d67173c7f4aa669a7722874f52) Importer(815301076,1909f56bfc062723c751e8b465ee728b)
Start importing Assets/Art/Character/BombaTsar.png using Guid(4cda10d67173c7f4aa669a7722874f52) Importer(815301076,1909f56bfc062723c751e8b465ee728b)  -> (artifact id: '31c711804e0eb285067d2aef5644613e') in 0.006276 seconds
  Import took 0.009181 seconds .

========================================================================
Received Import Request.
  Time since last request: 13.009799 seconds.
  path: Assets/Prefabs/TestArrow.prefab
  artifactKey: Guid(a3fc9da4681b1df489277ff0d599abcb) Importer(815301076,1909f56bfc062723c751e8b465ee728b)
Start importing Assets/Prefabs/TestArrow.prefab using Guid(a3fc9da4681b1df489277ff0d599abcb) Importer(815301076,1909f56bfc062723c751e8b465ee728b)  -> (artifact id: '7675ad0532b66900714369060fc180d1') in 0.030040 seconds
  Import took 0.033051 seconds .

========================================================================
Received Import Request.
  Time since last request: 6.695855 seconds.
  path: Assets/Art/Character/BombaTsar.png
  artifactKey: Guid(4cda10d67173c7f4aa669a7722874f52) Importer(815301076,1909f56bfc062723c751e8b465ee728b)
Start importing Assets/Art/Character/BombaTsar.png using Guid(4cda10d67173c7f4aa669a7722874f52) Importer(815301076,1909f56bfc062723c751e8b465ee728b)  -> (artifact id: 'ed17b0c32538b7bf4d29a64a51630afa') in 0.018057 seconds
  Import took 0.021040 seconds .

========================================================================
Received Import Request.
  Time since last request: 4.076664 seconds.
  path: Assets/Prefabs/bomb.prefab
  artifactKey: Guid(313963ad6d250744e954bb3ee9da22bc) Importer(815301076,1909f56bfc062723c751e8b465ee728b)
Start importing Assets/Prefabs/bomb.prefab using Guid(313963ad6d250744e954bb3ee9da22bc) Importer(815301076,1909f56bfc062723c751e8b465ee728b)  -> (artifact id: '8af214065d5a4aef2f411a6ed7d69fb3') in 0.013631 seconds
  Import took 0.016949 seconds .

========================================================================
Received Import Request.
  Time since last request: 26.776479 seconds.
  path: Assets/Prefabs/bomb.prefab
  artifactKey: Guid(313963ad6d250744e954bb3ee9da22bc) Importer(815301076,1909f56bfc062723c751e8b465ee728b)
Start importing Assets/Prefabs/bomb.prefab using Guid(313963ad6d250744e954bb3ee9da22bc) Importer(815301076,1909f56bfc062723c751e8b465ee728b)  -> (artifact id: 'a72e5beacf5b0452ee5374bafcff4e39') in 0.007828 seconds
  Import took 0.010771 seconds .

========================================================================
Received Prepare
Registering precompiled user dll's ...
Registered in 0.003369 seconds.
Begin MonoManager ReloadAssembly
Native extension for WindowsStandalone target not found
Native extension for WebGL target not found
Refreshing native plugins compatible for Editor in 0.54 ms, found 2 plugins.
Preloading 0 native plugins for Editor in 0.00 ms.
Mono: successfully reloaded assembly
- Completed reload, in  0.763 seconds
Platform modules already initialized, skipping
Refreshing native plugins compatible for Editor in 0.53 ms, found 2 plugins.
Preloading 0 native plugins for Editor in 0.00 ms.
Unloading 1926 Unused Serialized files (Serialized files now loaded: 0)
System memory in use before: 94.0 MB.
System memory in use after: 94.0 MB.

Unloading 22 unused Assets to reduce memory usage. Loaded Objects now: 2481.
Total: 1.862900 ms (FindLiveObjects: 0.224000 ms CreateObjectMapping: 0.049300 ms MarkObjects: 1.483300 ms  DeleteObjects: 0.105600 ms)

========================================================================
Received Prepare
Registering precompiled user dll's ...
Registered in 0.003941 seconds.
Begin MonoManager ReloadAssembly
Native extension for WindowsStandalone target not found
Native extension for WebGL target not found
Refreshing native plugins compatible for Editor in 0.49 ms, found 2 plugins.
Preloading 0 native plugins for Editor in 0.00 ms.
Mono: successfully reloaded assembly
- Completed reload, in  0.767 seconds
Platform modules already initialized, skipping
Refreshing native plugins compatible for Editor in 0.46 ms, found 2 plugins.
Preloading 0 native plugins for Editor in 0.00 ms.
Unloading 1926 Unused Serialized files (Serialized files now loaded: 0)
System memory in use before: 94.0 MB.
System memory in use after: 94.0 MB.

Unloading 22 unused Assets to reduce memory usage. Loaded Objects now: 2485.
Total: 1.955900 ms (FindLiveObjects: 0.263300 ms CreateObjectMapping: 0.053400 ms MarkObjects: 1.535100 ms  DeleteObjects: 0.103000 ms)

========================================================================
Received Import Request.
  Time since last request: 131.666918 seconds.
  path: Assets/Art/Character/Animations/bomb.controller
  artifactKey: Guid(8940facfe2e5b5c4e87af5ed1cf8e709) Importer(815301076,1909f56bfc062723c751e8b465ee728b)
Start importing Assets/Art/Character/Animations/bomb.controller using Guid(8940facfe2e5b5c4e87af5ed1cf8e709) Importer(815301076,1909f56bfc062723c751e8b465ee728b)  -> (artifact id: '4d21b1ce4de66fb75c5ae00aca0cb5ce') in 0.012607 seconds
  Import took 0.017492 seconds .

========================================================================
Received Prepare
Registering precompiled user dll's ...
Registered in 0.003399 seconds.
Begin MonoManager ReloadAssembly
Native extension for WindowsStandalone target not found
Native extension for WebGL target not found
Refreshing native plugins compatible for Editor in 0.47 ms, found 2 plugins.
Preloading 0 native plugins for Editor in 0.00 ms.
Mono: successfully reloaded assembly
- Completed reload, in  0.752 seconds
Platform modules already initialized, skipping
Refreshing native plugins compatible for Editor in 0.46 ms, found 2 plugins.
Preloading 0 native plugins for Editor in 0.00 ms.
Unloading 1926 Unused Serialized files (Serialized files now loaded: 0)
System memory in use before: 94.0 MB.
System memory in use after: 94.0 MB.

Unloading 22 unused Assets to reduce memory usage. Loaded Objects now: 2489.
Total: 1.802300 ms (FindLiveObjects: 0.190000 ms CreateObjectMapping: 0.046900 ms MarkObjects: 1.464600 ms  DeleteObjects: 0.100100 ms)

========================================================================
Received Import Request.
  Time since last request: 102.248539 seconds.
  path: Assets/Art/Character/Animations/Bomb.anim
  artifactKey: Guid(4404b60588831ec4ab316e6bd660bcc8) Importer(815301076,1909f56bfc062723c751e8b465ee728b)
Start importing Assets/Art/Character/Animations/Bomb.anim using Guid(4404b60588831ec4ab316e6bd660bcc8) Importer(815301076,1909f56bfc062723c751e8b465ee728b)  -> (artifact id: 'd9d48345920ee1d5c661e9428815513d') in 0.016365 seconds
  Import took 0.019469 seconds .

========================================================================
Received Prepare
Registering precompiled user dll's ...
Registered in 0.003421 seconds.
Begin MonoManager ReloadAssembly
Native extension for WindowsStandalone target not found
Native extension for WebGL target not found
Refreshing native plugins compatible for Editor in 0.51 ms, found 2 plugins.
Preloading 0 native plugins for Editor in 0.00 ms.
Mono: successfully reloaded assembly
- Completed reload, in  0.768 seconds
Platform modules already initialized, skipping
Refreshing native plugins compatible for Editor in 0.46 ms, found 2 plugins.
Preloading 0 native plugins for Editor in 0.00 ms.
Unloading 1926 Unused Serialized files (Serialized files now loaded: 0)
System memory in use before: 94.1 MB.
System memory in use after: 94.0 MB.

Unloading 22 unused Assets to reduce memory usage. Loaded Objects now: 2493.
Total: 1.911000 ms (FindLiveObjects: 0.224800 ms CreateObjectMapping: 0.050900 ms MarkObjects: 1.528200 ms  DeleteObjects: 0.106300 ms)

========================================================================
Received Prepare
Registering precompiled user dll's ...
Registered in 0.003882 seconds.
Begin MonoManager ReloadAssembly
Native extension for WindowsStandalone target not found
Native extension for WebGL target not found
Refreshing native plugins compatible for Editor in 0.53 ms, found 2 plugins.
Preloading 0 native plugins for Editor in 0.00 ms.
Mono: successfully reloaded assembly
- Completed reload, in  0.836 seconds
Platform modules already initialized, skipping
Refreshing native plugins compatible for Editor in 0.48 ms, found 2 plugins.
Preloading 0 native plugins for Editor in 0.00 ms.
Unloading 1926 Unused Serialized files (Serialized files now loaded: 0)
System memory in use before: 94.1 MB.
System memory in use after: 94.1 MB.

Unloading 22 unused Assets to reduce memory usage. Loaded Objects now: 2497.
Total: 2.411200 ms (FindLiveObjects: 0.388200 ms CreateObjectMapping: 0.115500 ms MarkObjects: 1.759000 ms  DeleteObjects: 0.146900 ms)

========================================================================
Received Import Request.
  Time since last request: 92.500478 seconds.
  path: Assets/Art/Character/BombaTsar.png
  artifactKey: Guid(4cda10d67173c7f4aa669a7722874f52) Importer(815301076,1909f56bfc062723c751e8b465ee728b)
Start importing Assets/Art/Character/BombaTsar.png using Guid(4cda10d67173c7f4aa669a7722874f52) Importer(815301076,1909f56bfc062723c751e8b465ee728b)  -> (artifact id: 'adbfd5dc04d68fed5c05325dacc349dc') in 0.050947 seconds
  Import took 0.054037 seconds .

========================================================================
Received Import Request.
  Time since last request: 16.869204 seconds.
  path: Assets/Prefabs/bomb.prefab
  artifactKey: Guid(313963ad6d250744e954bb3ee9da22bc) Importer(815301076,1909f56bfc062723c751e8b465ee728b)
Start importing Assets/Prefabs/bomb.prefab using Guid(313963ad6d250744e954bb3ee9da22bc) Importer(815301076,1909f56bfc062723c751e8b465ee728b)  -> (artifact id: '80b96beff7be965e66e6839b001d898f') in 0.025305 seconds
  Import took 0.028301 seconds .

========================================================================
Received Prepare
Registering precompiled user dll's ...
Registered in 0.003642 seconds.
Begin MonoManager ReloadAssembly
Native extension for WindowsStandalone target not found
Native extension for WebGL target not found
Refreshing native plugins compatible for Editor in 0.46 ms, found 2 plugins.
Preloading 0 native plugins for Editor in 0.00 ms.
Mono: successfully reloaded assembly
- Completed reload, in  0.759 seconds
Platform modules already initialized, skipping
Refreshing native plugins compatible for Editor in 0.46 ms, found 2 plugins.
Preloading 0 native plugins for Editor in 0.00 ms.
Unloading 1926 Unused Serialized files (Serialized files now loaded: 0)
System memory in use before: 94.0 MB.
System memory in use after: 94.0 MB.

Unloading 22 unused Assets to reduce memory usage. Loaded Objects now: 2502.
Total: 1.880100 ms (FindLiveObjects: 0.213900 ms CreateObjectMapping: 0.049200 ms MarkObjects: 1.511900 ms  DeleteObjects: 0.104400 ms)

========================================================================
Received Prepare
Registering precompiled user dll's ...
Registered in 0.003319 seconds.
Begin MonoManager ReloadAssembly
Native extension for WindowsStandalone target not found
Native extension for WebGL target not found
Refreshing native plugins compatible for Editor in 0.47 ms, found 2 plugins.
Preloading 0 native plugins for Editor in 0.00 ms.
Mono: successfully reloaded assembly
- Completed reload, in  0.762 seconds
Platform modules already initialized, skipping
Refreshing native plugins compatible for Editor in 0.50 ms, found 2 plugins.
Preloading 0 native plugins for Editor in 0.00 ms.
Unloading 1926 Unused Serialized files (Serialized files now loaded: 0)
System memory in use before: 94.1 MB.
System memory in use after: 94.1 MB.

Unloading 22 unused Assets to reduce memory usage. Loaded Objects now: 2506.
Total: 2.054100 ms (FindLiveObjects: 0.263900 ms CreateObjectMapping: 0.049500 ms MarkObjects: 1.629600 ms  DeleteObjects: 0.110200 ms)

========================================================================
Received Prepare
Registering precompiled user dll's ...
Registered in 0.003416 seconds.
Begin MonoManager ReloadAssembly
Native extension for WindowsStandalone target not found
Native extension for WebGL target not found
Refreshing native plugins compatible for Editor in 0.46 ms, found 2 plugins.
Preloading 0 native plugins for Editor in 0.00 ms.
Mono: successfully reloaded assembly
- Completed reload, in  0.746 seconds
Platform modules already initialized, skipping
Refreshing native plugins compatible for Editor in 0.46 ms, found 2 plugins.
Preloading 0 native plugins for Editor in 0.00 ms.
Unloading 1926 Unused Serialized files (Serialized files now loaded: 0)
System memory in use before: 94.1 MB.
System memory in use after: 94.1 MB.

Unloading 22 unused Assets to reduce memory usage. Loaded Objects now: 2510.
Total: 1.807400 ms (FindLiveObjects: 0.190800 ms CreateObjectMapping: 0.046300 ms MarkObjects: 1.466900 ms  DeleteObjects: 0.102300 ms)

========================================================================
Received Prepare
Registering precompiled user dll's ...
Registered in 0.003761 seconds.
Begin MonoManager ReloadAssembly
Native extension for WindowsStandalone target not found
Native extension for WebGL target not found
Refreshing native plugins compatible for Editor in 0.47 ms, found 2 plugins.
Preloading 0 native plugins for Editor in 0.00 ms.
Mono: successfully reloaded assembly
- Completed reload, in  0.740 seconds
Platform modules already initialized, skipping
Refreshing native plugins compatible for Editor in 0.47 ms, found 2 plugins.
Preloading 0 native plugins for Editor in 0.00 ms.
Unloading 1926 Unused Serialized files (Serialized files now loaded: 0)
System memory in use before: 94.1 MB.
System memory in use after: 94.1 MB.

Unloading 22 unused Assets to reduce memory usage. Loaded Objects now: 2514.
Total: 1.772400 ms (FindLiveObjects: 0.178600 ms CreateObjectMapping: 0.050300 ms MarkObjects: 1.440000 ms  DeleteObjects: 0.102800 ms)

AssetImportWorkerClient::OnTransportError - code=2 error=End of file
